[    0.000000] Linux version 4.15.0-112-generic (buildd@lcy01-amd64-027) (gcc version 7.5.0 (Ubuntu 7.5.0-3ubuntu1~18.04)) #113-Ubuntu SMP Thu Jul 9 23:41:39 UTC 2020 (Ubuntu 4.15.0-112.113-generic 4.15.18)
[    0.000000] Command line: BOOT_IMAGE=/boot/vmlinuz-4.15.0-112-generic root=LABEL=cloudimg-rootfs ro console=tty1 console=ttyS0
[    0.000000] KERNEL supported cpus:
[    0.000000]   Intel GenuineIntel
[    0.000000]   AMD AuthenticAMD
[    0.000000]   Centaur CentaurHauls
[    0.000000] x86/fpu: Supporting XSAVE feature 0x001: 'x87 floating point registers'
[    0.000000] x86/fpu: Supporting XSAVE feature 0x002: 'SSE registers'
[    0.000000] x86/fpu: Supporting XSAVE feature 0x004: 'AVX registers'
[    0.000000] x86/fpu: xstate_offset[2]:  576, xstate_sizes[2]:  256
[    0.000000] x86/fpu: Enabled xstate features 0x7, context size is 832 bytes, using 'standard' format.
[    0.000000] e820: BIOS-provided physical RAM map:
[    0.000000] BIOS-e820: [mem 0x0000000000000000-0x000000000009fbff] usable
[    0.000000] BIOS-e820: [mem 0x000000000009fc00-0x000000000009ffff] reserved
[    0.000000] BIOS-e820: [mem 0x00000000000f0000-0x00000000000fffff] reserved
[    0.000000] BIOS-e820: [mem 0x0000000000100000-0x000000003ffeffff] usable
[    0.000000] BIOS-e820: [mem 0x000000003fff0000-0x000000003fffffff] ACPI data
[    0.000000] BIOS-e820: [mem 0x00000000fec00000-0x00000000fec00fff] reserved
[    0.000000] BIOS-e820: [mem 0x00000000fee00000-0x00000000fee00fff] reserved
[    0.000000] BIOS-e820: [mem 0x00000000fffc0000-0x00000000ffffffff] reserved
[    0.000000] NX (Execute Disable) protection: active
[    0.000000] SMBIOS 2.5 present.
[    0.000000] DMI: innotek GmbH VirtualBox/VirtualBox, BIOS VirtualBox 12/01/2006
[    0.000000] Hypervisor detected: KVM
[    0.000000] e820: last_pfn = 0x3fff0 max_arch_pfn = 0x400000000
[    0.000000] MTRR: Disabled
[    0.000000] x86/PAT: MTRRs disabled, skipping PAT initialization too.
[    0.000000] CPU MTRRs all blank - virtualized system.
[    0.000000] x86/PAT: Configuration [0-7]: WB  WT  UC- UC  WB  WT  UC- UC  
[    0.000000] found SMP MP-table at [mem 0x0009fff0-0x0009ffff]
[    0.000000] Scanning 1 areas for low memory corruption
[    0.000000] RAMDISK: [mem 0x35a69000-0x36d2bfff]
[    0.000000] ACPI: Early table checksum verification disabled
[    0.000000] ACPI: RSDP 0x00000000000E0000 000024 (v02 VBOX  )
[    0.000000] ACPI: XSDT 0x000000003FFF0030 00003C (v01 VBOX   VBOXXSDT 00000001 ASL  00000061)
[    0.000000] ACPI: FACP 0x000000003FFF00F0 0000F4 (v04 VBOX   VBOXFACP 00000001 ASL  00000061)
[    0.000000] ACPI: DSDT 0x000000003FFF0470 002325 (v02 VBOX   VBOXBIOS 00000002 INTL 20100528)
[    0.000000] ACPI: FACS 0x000000003FFF0200 000040
[    0.000000] ACPI: FACS 0x000000003FFF0200 000040
[    0.000000] ACPI: APIC 0x000000003FFF0240 00005C (v02 VBOX   VBOXAPIC 00000001 ASL  00000061)
[    0.000000] ACPI: SSDT 0x000000003FFF02A0 0001CC (v01 VBOX   VBOXCPUT 00000002 INTL 20100528)
[    0.000000] No NUMA configuration found
[    0.000000] Faking a node at [mem 0x0000000000000000-0x000000003ffeffff]
[    0.000000] NODE_DATA(0) allocated [mem 0x3ffc5000-0x3ffeffff]
[    0.000000] kvm-clock: cpu 0, msr 0:3ff44001, primary cpu clock
[    0.000000] kvm-clock: Using msrs 4b564d01 and 4b564d00
[    0.000000] kvm-clock: using sched offset of 5939735714 cycles
[    0.000000] clocksource: kvm-clock: mask: 0xffffffffffffffff max_cycles: 0x1cd42e4dffb, max_idle_ns: 881590591483 ns
[    0.000000] Zone ranges:
[    0.000000]   DMA      [mem 0x0000000000001000-0x0000000000ffffff]
[    0.000000]   DMA32    [mem 0x0000000001000000-0x000000003ffeffff]
[    0.000000]   Normal   empty
[    0.000000]   Device   empty
[    0.000000] Movable zone start for each node
[    0.000000] Early memory node ranges
[    0.000000]   node   0: [mem 0x0000000000001000-0x000000000009efff]
[    0.000000]   node   0: [mem 0x0000000000100000-0x000000003ffeffff]
[    0.000000] Reserved but unavailable: 98 pages
[    0.000000] Initmem setup node 0 [mem 0x0000000000001000-0x000000003ffeffff]
[    0.000000] ACPI: PM-Timer IO Port: 0x4008
[    0.000000] IOAPIC[0]: apic_id 2, version 32, address 0xfec00000, GSI 0-23
[    0.000000] ACPI: INT_SRC_OVR (bus 0 bus_irq 0 global_irq 2 dfl dfl)
[    0.000000] ACPI: INT_SRC_OVR (bus 0 bus_irq 9 global_irq 9 low level)
[    0.000000] Using ACPI (MADT) for SMP configuration information
[    0.000000] smpboot: Allowing 2 CPUs, 0 hotplug CPUs
[    0.000000] PM: Registered nosave memory: [mem 0x00000000-0x00000fff]
[    0.000000] PM: Registered nosave memory: [mem 0x0009f000-0x0009ffff]
[    0.000000] PM: Registered nosave memory: [mem 0x000a0000-0x000effff]
[    0.000000] PM: Registered nosave memory: [mem 0x000f0000-0x000fffff]
[    0.000000] e820: [mem 0x40000000-0xfebfffff] available for PCI devices
[    0.000000] Booting paravirtualized kernel on KVM
[    0.000000] clocksource: refined-jiffies: mask: 0xffffffff max_cycles: 0xffffffff, max_idle_ns: 7645519600211568 ns
[    0.000000] random: get_random_bytes called from start_kernel+0x99/0x500 with crng_init=0
[    0.000000] setup_percpu: NR_CPUS:8192 nr_cpumask_bits:2 nr_cpu_ids:2 nr_node_ids:1
[    0.000000] percpu: Embedded 45 pages/cpu s147456 r8192 d28672 u1048576
[    0.000000] PV qspinlock hash table entries: 256 (order: 0, 4096 bytes)
[    0.000000] Built 1 zonelists, mobility grouping on.  Total pages: 257913
[    0.000000] Policy zone: DMA32
[    0.000000] Kernel command line: BOOT_IMAGE=/boot/vmlinuz-4.15.0-112-generic root=LABEL=cloudimg-rootfs ro console=tty1 console=ttyS0
[    0.000000] Memory: 983040K/1048120K available (12300K kernel code, 2481K rwdata, 4272K rodata, 2436K init, 2720K bss, 65080K reserved, 0K cma-reserved)
[    0.000000] SLUB: HWalign=64, Order=0-3, MinObjects=0, CPUs=2, Nodes=1
[    0.000000] Kernel/User page tables isolation: enabled
[    0.000000] ftrace: allocating 39378 entries in 154 pages
[    0.004000] Hierarchical RCU implementation.
[    0.004000] 	RCU restricting CPUs from NR_CPUS=8192 to nr_cpu_ids=2.
[    0.004000] 	Tasks RCU enabled.
[    0.004000] RCU: Adjusting geometry for rcu_fanout_leaf=16, nr_cpu_ids=2
[    0.004000] NR_IRQS: 524544, nr_irqs: 440, preallocated irqs: 16
[    0.004000] Console: colour VGA+ 80x25
[    0.004000] console [tty1] enabled
[    0.004000] console [ttyS0] enabled
[    0.004000] ACPI: Core revision 20170831
[    0.004000] ACPI: 2 ACPI AML tables successfully acquired and loaded
[    0.004000] APIC: Switch to symmetric I/O mode setup
[    0.004000] x2apic enabled
[    0.004000] Switched APIC routing to physical x2apic.
[    0.004000] ..TIMER: vector=0x30 apic1=0 pin1=2 apic2=-1 pin2=-1
[    0.004004] tsc: Detected 2903.994 MHz processor
[    0.004833] Calibrating delay loop (skipped) preset value.. 5807.98 BogoMIPS (lpj=11615976)
[    0.008004] pid_max: default: 32768 minimum: 301
[    0.008965] Security Framework initialized
[    0.009700] Yama: becoming mindful.
[    0.012157] AppArmor: AppArmor initialized
[    0.016392] Dentry cache hash table entries: 131072 (order: 8, 1048576 bytes)
[    0.018261] Inode-cache hash table entries: 65536 (order: 7, 524288 bytes)
[    0.020053] Mount-cache hash table entries: 2048 (order: 2, 16384 bytes)
[    0.021360] Mountpoint-cache hash table entries: 2048 (order: 2, 16384 bytes)
[    0.022856] Last level iTLB entries: 4KB 64, 2MB 8, 4MB 8
[    0.024005] Last level dTLB entries: 4KB 64, 2MB 0, 4MB 0, 1GB 4
[    0.025198] Spectre V1 : Mitigation: usercopy/swapgs barriers and __user pointer sanitization
[    0.026693] Spectre V2 : Mitigation: Full generic retpoline
[    0.028009] Spectre V2 : Spectre v2 / SpectreRSB mitigation: Filling RSB on context switch
[    0.032006] Speculative Store Bypass: Vulnerable
[    0.033205] SRBDS: Unknown: Dependent on hypervisor status
[    0.034350] MDS: Vulnerable: Clear CPU buffers attempted, no microcode
[    0.036191] Freeing SMP alternatives memory: 36K
[    0.148303] smpboot: CPU0: Intel(R) Core(TM) i7-7500U CPU @ 2.70GHz (family: 0x6, model: 0x8e, stepping: 0x9)
[    0.151283] Performance Events: unsupported p6 CPU model 142 no PMU driver, software events only.
[    0.152039] Hierarchical SRCU implementation.
[    0.153726] NMI watchdog: Perf event create on CPU 0 failed with -2
[    0.156002] NMI watchdog: Perf NMI watchdog permanently disabled
[    0.157624] smp: Bringing up secondary CPUs ...
[    0.158960] x86: Booting SMP configuration:
[    0.160002] .... node  #0, CPUs:      #1
[    0.004000] kvm-clock: cpu 1, msr 0:3ff44041, secondary cpu clock
[    0.168032] smp: Brought up 1 node, 2 CPUs
[    0.169279] smpboot: Max logical packages: 1
[    0.170284] smpboot: Total of 2 processors activated (11615.97 BogoMIPS)
[    0.172123] devtmpfs: initialized
[    0.172819] x86/mm: Memory block size: 128MB
[    0.174079] evm: security.selinux
[    0.176007] evm: security.SMACK64
[    0.176823] evm: security.SMACK64EXEC
[    0.178045] evm: security.SMACK64TRANSMUTE
[    0.179146] evm: security.SMACK64MMAP
[    0.180009] evm: security.apparmor
[    0.180855] evm: security.ima
[    0.181940] evm: security.capability
[    0.184287] clocksource: jiffies: mask: 0xffffffff max_cycles: 0xffffffff, max_idle_ns: 7645041785100000 ns
[    0.186325] futex hash table entries: 512 (order: 3, 32768 bytes)
[    0.192025] pinctrl core: initialized pinctrl subsystem
[    0.193177] RTC time: 22:49:00, date: 09/05/20
[    0.196051] NET: Registered protocol family 16
[    0.197058] audit: initializing netlink subsys (disabled)
[    0.198036] audit: type=2000 audit(1599346147.540:1): state=initialized audit_enabled=0 res=1
[    0.198036] cpuidle: using governor ladder
[    0.200011] cpuidle: using governor menu
[    0.200823] ACPI: bus type PCI registered
[    0.201561] acpiphp: ACPI Hot Plug PCI Controller Driver version: 0.5
[    0.204199] PCI: Using configuration type 1 for base access
[    0.208186] HugeTLB registered 2.00 MiB page size, pre-allocated 0 pages
[    0.209227] ACPI: Added _OSI(Module Device)
[    0.209227] ACPI: Added _OSI(Processor Device)
[    0.209685] ACPI: Added _OSI(3.0 _SCP Extensions)
[    0.212003] ACPI: Added _OSI(Processor Aggregator Device)
[    0.212958] ACPI: Added _OSI(Linux-Dell-Video)
[    0.213776] ACPI: Added _OSI(Linux-Lenovo-NV-HDMI-Audio)
[    0.214707] ACPI: Added _OSI(Linux-HPI-Hybrid-Graphics)
[    0.216271] ACPI: Executed 1 blocks of module-level executable AML code
[    0.223251] ACPI: Interpreter enabled
[    0.224021] ACPI: (supports S0 S5)
[    0.224705] ACPI: Using IOAPIC for interrupt routing
[    0.226095] PCI: Using host bridge windows from ACPI; if necessary, use "pci=nocrs" and report a bug
[    0.228184] ACPI: Enabled 2 GPEs in block 00 to 07
[    0.242172] ACPI: PCI Root Bridge [PCI0] (domain 0000 [bus 00-ff])
[    0.243761] acpi PNP0A03:00: _OSC: OS supports [ASPM ClockPM Segments MSI]
[    0.244843] acpi PNP0A03:00: _OSC: not requesting OS control; OS requires [ExtendedConfig ASPM ClockPM MSI]
[    0.248024] acpi PNP0A03:00: fail to add MMCONFIG information, can't access extended PCI configuration space under this bridge.
[    0.253098] PCI host bridge to bus 0000:00
[    0.254891] pci_bus 0000:00: root bus resource [io  0x0000-0x0cf7 window]
[    0.256008] pci_bus 0000:00: root bus resource [io  0x0d00-0xffff window]
[    0.257252] pci_bus 0000:00: root bus resource [mem 0x000a0000-0x000bffff window]
[    0.259384] pci_bus 0000:00: root bus resource [mem 0x40000000-0xfdffffff window]
[    0.260011] pci_bus 0000:00: root bus resource [bus 00-ff]
[    0.267688] pci 0000:00:01.1: legacy IDE quirk: reg 0x10: [io  0x01f0-0x01f7]
[    0.268008] pci 0000:00:01.1: legacy IDE quirk: reg 0x14: [io  0x03f6]
[    0.272008] pci 0000:00:01.1: legacy IDE quirk: reg 0x18: [io  0x0170-0x0177]
[    0.274502] pci 0000:00:01.1: legacy IDE quirk: reg 0x1c: [io  0x0376]
[    0.306012] pci 0000:00:07.0: quirk: [io  0x4000-0x403f] claimed by PIIX4 ACPI
[    0.307866] pci 0000:00:07.0: quirk: [io  0x4100-0x410f] claimed by PIIX4 SMB
[    0.326055] ACPI: PCI Interrupt Link [LNKA] (IRQs 5 9 10 *11)
[    0.328110] ACPI: PCI Interrupt Link [LNKB] (IRQs 5 9 *10 11)
[    0.329395] ACPI: PCI Interrupt Link [LNKC] (IRQs 5 *9 10 11)
[    0.330583] ACPI: PCI Interrupt Link [LNKD] (IRQs 5 9 10 *11)
[    0.333070] SCSI subsystem initialized
[    0.336060] pci 0000:00:02.0: vgaarb: setting as boot VGA device
[    0.337393] pci 0000:00:02.0: vgaarb: VGA device added: decodes=io+mem,owns=io+mem,locks=none
[    0.340011] pci 0000:00:02.0: vgaarb: bridge control possible
[    0.341581] vgaarb: loaded
[    0.344039] ACPI: bus type USB registered
[    0.345024] usbcore: registered new interface driver usbfs
[    0.346281] usbcore: registered new interface driver hub
[    0.348253] usbcore: registered new device driver usb
[    0.352046] EDAC MC: Ver: 3.0.0
[    0.353255] PCI: Using ACPI for IRQ routing
[    0.353255] NetLabel: Initializing
[    0.353916] NetLabel:  domain hash size = 128
[    0.356003] NetLabel:  protocols = UNLABELED CIPSOv4 CALIPSO
[    0.356998] NetLabel:  unlabeled traffic allowed by default
[    0.357986] clocksource: Switched to clocksource kvm-clock
[    0.406192] VFS: Disk quotas dquot_6.6.0
[    0.407023] VFS: Dquot-cache hash table entries: 512 (order 0, 4096 bytes)
[    0.408322] AppArmor: AppArmor Filesystem Enabled
[    0.409210] pnp: PnP ACPI init
[    0.410928] pnp: PnP ACPI: found 3 devices
[    0.423153] clocksource: acpi_pm: mask: 0xffffff max_cycles: 0xffffff, max_idle_ns: 2085701024 ns
[    0.424849] NET: Registered protocol family 2
[    0.425815] TCP established hash table entries: 8192 (order: 4, 65536 bytes)
[    0.427067] TCP bind hash table entries: 8192 (order: 5, 131072 bytes)
[    0.439339] TCP: Hash tables configured (established 8192 bind 8192)
[    0.440570] UDP hash table entries: 512 (order: 2, 16384 bytes)
[    0.441600] UDP-Lite hash table entries: 512 (order: 2, 16384 bytes)
[    0.442734] NET: Registered protocol family 1
[    0.443547] pci 0000:00:00.0: Limiting direct PCI/PCI transfers
[    0.444634] pci 0000:00:01.0: Activating ISA DMA hang workarounds
[    0.445740] pci 0000:00:02.0: Video device with shadowed ROM at [mem 0x000c0000-0x000dffff]
[    0.449670] Unpacking initramfs...
[    1.157905] Freeing initrd memory: 19212K
[    1.158886] clocksource: tsc: mask: 0xffffffffffffffff max_cycles: 0x29dc0055a3d, max_idle_ns: 440795341144 ns
[    1.160905] platform rtc_cmos: registered platform RTC device (no PNP device found)
[    1.162285] Scanning for low memory corruption every 60 seconds
[    1.166131] Initialise system trusted keyrings
[    1.167432] Key type blacklist registered
[    1.168604] workingset: timestamp_bits=36 max_order=18 bucket_order=0
[    1.170878] zbud: loaded
[    1.171958] squashfs: version 4.0 (2009/01/31) Phillip Lougher
[    1.173250] fuse init (API version 7.26)
[    1.175951] Key type asymmetric registered
[    1.176769] Asymmetric key parser 'x509' registered
[    1.177708] Block layer SCSI generic (bsg) driver version 0.4 loaded (major 246)
[    1.179143] io scheduler noop registered
[    1.180475] io scheduler deadline registered
[    1.182672] io scheduler cfq registered (default)
[    1.185025] ACPI: AC Adapter [AC] (on-line)
[    1.186013] input: Power Button as /devices/LNXSYSTM:00/LNXPWRBN:00/input/input0
[    1.187511] ACPI: Power Button [PWRF]
[    1.188344] input: Sleep Button as /devices/LNXSYSTM:00/LNXSLPBN:00/input/input1
[    1.189709] ACPI: Sleep Button [SLPF]
[    1.191373] ACPI: Battery Slot [BAT0] (battery present)
[    1.192144] Serial: 8250/16550 driver, 32 ports, IRQ sharing enabled
[    1.215092] 00:02: ttyS0 at I/O 0x3f8 (irq = 4, base_baud = 115200) is a 16550A
[    1.220297] Linux agpgart interface v0.103
[    1.222268] loop: module loaded
[    1.223543] scsi host0: ata_piix
[    1.224413] scsi host1: ata_piix
[    1.225068] ata1: PATA max UDMA/33 cmd 0x1f0 ctl 0x3f6 bmdma 0xd000 irq 14
[    1.226273] ata2: PATA max UDMA/33 cmd 0x170 ctl 0x376 bmdma 0xd008 irq 15
[    1.227615] libphy: Fixed MDIO Bus: probed
[    1.228457] tun: Universal TUN/TAP device driver, 1.6
[    1.229442] PPP generic driver version 2.4.2
[    1.231182] ehci_hcd: USB 2.0 'Enhanced' Host Controller (EHCI) Driver
[    1.233612] ehci-pci: EHCI PCI platform driver
[    1.234922] ehci-platform: EHCI generic platform driver
[    1.235949] ohci_hcd: USB 1.1 'Open' Host Controller (OHCI) Driver
[    1.237141] ohci-pci: OHCI PCI platform driver
[    1.238186] ohci-platform: OHCI generic platform driver
[    1.239347] uhci_hcd: USB Universal Host Controller Interface driver
[    1.240889] i8042: PNP: PS/2 Controller [PNP0303:PS2K,PNP0f03:PS2M] at 0x60,0x64 irq 1,12
[    1.243563] serio: i8042 KBD port at 0x60,0x64 irq 1
[    1.244952] serio: i8042 AUX port at 0x60,0x64 irq 12
[    1.245991] mousedev: PS/2 mouse device common for all mice
[    1.248034] input: AT Translated Set 2 keyboard as /devices/platform/i8042/serio0/input/input2
[    1.252046] rtc_cmos rtc_cmos: rtc core: registered rtc_cmos as rtc0
[    1.253609] rtc_cmos rtc_cmos: alarms up to one day, 114 bytes nvram
[    1.254901] i2c /dev entries driver
[    1.255611] device-mapper: uevent: version 1.0.3
[    1.256634] device-mapper: ioctl: 4.37.0-ioctl (2017-09-20) initialised: dm-devel@redhat.com
[    1.258174] ledtrig-cpu: registered to indicate activity on CPUs
[    1.260002] NET: Registered protocol family 10
[    1.266377] Segment Routing with IPv6
[    1.267180] NET: Registered protocol family 17
[    1.268407] Key type dns_resolver registered
[    1.269478] mce: Using 0 MCE banks
[    1.270253] RAS: Correctable Errors collector initialized.
[    1.271211] sched_clock: Marking stable (1269449227, 0)->(1573318674, -303869447)
[    1.273173] registered taskstats version 1
[    1.274106] Loading compiled-in X.509 certificates
[    1.276744] Loaded X.509 cert 'Build time autogenerated kernel key: 1d4b83cbc5f7a3cd7e4471a5cf69d65d9314bdf5'
[    1.278598] zswap: loaded using pool lzo/zbud
[    1.286159] Key type big_key registered
[    1.287221] Key type trusted registered
[    1.289411] Key type encrypted registered
[    1.290254] AppArmor: AppArmor sha1 policy hashing enabled
[    1.291213] ima: No TPM chip found, activating TPM-bypass! (rc=-19)
[    1.292333] ima: Allocated hash algorithm: sha1
[    1.293240] evm: HMAC attrs: 0x1
[    1.294101]   Magic number: 4:516:855
[    1.294906] rtc_cmos rtc_cmos: setting system clock to 2020-09-05 22:49:01 UTC (1599346141)
[    1.297056] BIOS EDD facility v0.16 2004-Jun-25, 0 devices found
[    1.300422] EDD information not available.
[    1.779746] Freeing unused kernel image memory: 2436K
[    1.789105] Write protecting the kernel read-only data: 20480k
[    1.791660] Freeing unused kernel image memory: 2008K
[    1.793283] Freeing unused kernel image memory: 1872K
[    1.807603] x86/mm: Checked W+X mappings: passed, no W+X pages found.
[    1.808989] x86/mm: Checking user space page tables
[    1.819701] x86/mm: Checked W+X mappings: passed, no W+X pages found.
Loading, please wait...
starting version 237
[    1.921378] e1000: Intel(R) PRO/1000 Network Driver - version 7.3.21-k8-NAPI
[    1.923192] e1000: Copyright (c) 1999-2006 Intel Corporation.
[    1.927714] Fusion MPT base driver 3.04.20
[    1.928498] Copyright (c) 1999-2008 LSI Corporation
[    1.966751] Fusion MPT SPI Host driver 3.04.20
[    1.974936] AVX2 version of gcm_enc/dec engaged.
[    1.976159] AES CTR mode by8 optimization enabled
[    2.169332] input: ImExPS/2 Generic Explorer Mouse as /devices/platform/i8042/serio1/input/input4
[    2.416868] e1000 0000:00:03.0 eth0: (PCI:33MHz:32-bit) 02:95:95:10:ca:f7
[    2.418883] e1000 0000:00:03.0 eth0: Intel(R) PRO/1000 Network Connection
[    2.886505] e1000 0000:00:08.0 eth1: (PCI:33MHz:32-bit) 08:00:27:55:58:17
[    2.887786] e1000 0000:00:08.0 eth1: Intel(R) PRO/1000 Network Connection
[    2.890151] mptbase: ioc0: Initiating bringup
[    2.890735] e1000 0000:00:08.0 enp0s8: renamed from eth1
[    2.908648] e1000 0000:00:03.0 enp0s3: renamed from eth0
[    3.173079] ioc0: LSI53C1030 A0: Capabilities={Initiator}
[    5.282071] scsi host2: ioc0: LSI53C1030 A0, FwRev=00000000h, Ports=1, MaxQ=256, IRQ=20
[    7.165052] scsi 2:0:0:0: Direct-Access     VBOX     HARDDISK         1.0  PQ: 0 ANSI: 5
[    8.061098] scsi target2:0:0: Beginning Domain Validation
[    8.064835] scsi target2:0:0: Domain Validation skipping write tests
[    8.067495] scsi target2:0:0: Ending Domain Validation
[    8.069061] scsi target2:0:0: asynchronous
[    8.070963] scsi 2:0:1:0: Direct-Access     VBOX     HARDDISK         1.0  PQ: 0 ANSI: 5
[    8.913830] scsi target2:0:1: Beginning Domain Validation
[    8.918293] random: fast init done
[    8.919604] scsi target2:0:1: Domain Validation skipping write tests
[    8.921012] scsi target2:0:1: Ending Domain Validation
[    8.922404] scsi target2:0:1: asynchronous
[    8.930136] random: systemd-udevd: uninitialized urandom read (16 bytes read)
[    8.934523] random: systemd-udevd: uninitialized urandom read (16 bytes read)
[    8.937087] sd 2:0:0:0: Attached scsi generic sg0 type 0
[    8.938368] random: systemd-udevd: uninitialized urandom read (16 bytes read)
[    8.940309] sd 2:0:0:0: [sda] 20971520 512-byte logical blocks: (10.7 GB/10.0 GiB)
[    8.942112] sd 2:0:0:0: [sda] Write Protect is off
[    8.943420] sd 2:0:0:0: [sda] Incomplete mode parameter data
[    8.944989] sd 2:0:0:0: [sda] Assuming drive cache: write through
[    8.947587] sd 2:0:1:0: Attached scsi generic sg1 type 0
[    8.952034] sd 2:0:1:0: [sdb] 20480 512-byte logical blocks: (10.5 MB/10.0 MiB)
[    8.955330] sd 2:0:1:0: [sdb] Write Protect is off
[    8.957006] sd 2:0:1:0: [sdb] Incomplete mode parameter data
[    8.958338] sd 2:0:1:0: [sdb] Assuming drive cache: write through
[    8.967649]  sda: sda1
[    8.969715] sd 2:0:0:0: [sda] Attached SCSI disk
[    8.992462] sd 2:0:1:0: [sdb] Attached SCSI disk
Begin: Loading essential drivers ... [   10.788196] raid6: sse2x1   gen()  9481 MB/s
[   10.836460] raid6: sse2x1   xor()  6825 MB/s
[   10.884340] raid6: sse2x2   gen() 11456 MB/s
[   10.932184] raid6: sse2x2   xor()  8166 MB/s
[   10.980774] raid6: sse2x4   gen() 11104 MB/s
[   11.028262] raid6: sse2x4   xor()  6887 MB/s
[   11.076046] raid6: avx2x1   gen() 20099 MB/s
[   11.124373] raid6: avx2x1   xor()  9718 MB/s
[   11.172231] raid6: avx2x2   gen() 18699 MB/s
[   11.220142] raid6: avx2x2   xor() 14808 MB/s
[   11.268384] raid6: avx2x4   gen() 24177 MB/s
[   11.316287] raid6: avx2x4   xor() 14677 MB/s
[   11.318901] raid6: using algorithm avx2x4 gen() 24177 MB/s
[   11.320444] raid6: .... xor() 14677 MB/s, rmw enabled
[   11.321473] raid6: using avx2x2 recovery algorithm
[   11.323604] xor: automatically using best checksumming function   avx       
[   11.326011] async_tx: api initialized (async)
done.
Begin: Running /scripts/init-premount ... done.
Begin: Mounting root file system ... Begin: Running /scripts/local-top ... done.
Begin: Running /scripts/local-premount ... [   11.375439] Btrfs loaded, crc32c=crc32c-intel
Scanning for Btrfs filesystems
done.
Warning: fsck not present, so skipping root file system
[   11.505225] EXT4-fs (sda1): mounted filesystem with ordered data mode. Opts: (null)
done.
Begin: Running /scripts/local-bottom ... done.
Begin: Running /scripts/init-bottom ... done.
[   13.092063] random: crng init done
[   13.093636] random: 7 urandom warning(s) missed due to ratelimiting
[   13.206263] ip_tables: (C) 2000-2006 Netfilter Core Team
[   13.336812] systemd[1]: systemd 237 running in system mode. (+PAM +AUDIT +SELINUX +IMA +APPARMOR +SMACK +SYSVINIT +UTMP +LIBCRYPTSETUP +GCRYPT +GNUTLS +ACL +XZ +LZ4 +SECCOMP +BLKID +ELFUTILS +KMOD -IDN2 +IDN -PCRE2 default-hierarchy=hybrid)
[   13.340831] systemd[1]: Detected virtualization oracle.
[   13.341826] systemd[1]: Detected architecture x86-64.

Welcome to [1mUbuntu 18.04.5 LTS[0m!

[   13.789268] systemd[1]: Set hostname to <ubuntu>.
[   13.837742] systemd[1]: Initializing machine ID from random generator.
[   13.839464] systemd[1]: Installed transient /etc/machine-id file.
[   16.392286] systemd[1]: Set up automount Arbitrary Executable File Formats File System Automount Point.
[[0;32m  OK  [0m] Set up automount Arbitrary Executab…rmats File System Automount Point.
[   16.396846] systemd[1]: Reached target Swap.
[[0;32m  OK  [0m] Reached target Swap.
[   16.416610] systemd[1]: Created slice User and Session Slice.
[[0;32m  OK  [0m] Created slice User and Session Slice.
[   16.428314] systemd[1]: Reached target System Time Synchronized.
[[0;32m  OK  [0m] Reached target System Time Synchronized.
[[0;32m  OK  [0m] Reached target User and Group Name Lookups.
[[0;32m  OK  [0m] Started Forward Password Requests to Wall Directory Watch.
[[0;32m  OK  [0m] Created slice System Slice.
[[0;32m  OK  [0m] Listening on Device-mapper event daemon FIFOs.
[[0;32m  OK  [0m] Listening on Journal Socket (/dev/log).
[[0;32m  OK  [0m] Listening on udev Kernel Socket.
[[0;32m  OK  [0m] Listening on LVM2 metadata daemon socket.
[[0;32m  OK  [0m] Listening on Syslog Socket.
[[0;32m  OK  [0m] Created slice system-serial\x2dgetty.slice.
[[0;32m  OK  [0m] Listening on LVM2 poll daemon socket.
[[0;32m  OK  [0m] Listening on udev Control Socket.
[[0;32m  OK  [0m] Listening on /dev/initctl Compatibility Named Pipe.
[[0;32m  OK  [0m] Listening on Journal Audit Socket.
[[0;32m  OK  [0m] Listening on Network Service Netlink Socket.
[[0;32m  OK  [0m] Listening on Journal Socket.
         Starting Journal Service...
         Starting Uncomplicated firewall...
         Starting Remount Root and Kernel File Systems...
         Starting Create list of required st…ce nodes for the current kernel...
         Starting Set the console keyboard layout...
         Starting Monitoring of LVM2 mirrors…ng dmeventd or progress polling...
         Mounting POSIX Message Queue File System...
         Starting Load Kernel Modules...
         Mounting Huge Pages File System...
[[0;32m  OK  [0m] Reached target Slices.
         Mounting Kernel Debug File System...
         Starting udev Coldplug all Devices...
[[0;32m  OK  [0m] Started Journal Service.
[[0;32m  OK  [0m] Started Uncomplicated firewall.
[[0;32m  OK  [0m] Started Create list of required sta…vice nodes for the current kernel.
         Starting Create Static Device Nodes in /dev...
[[0;32m  OK  [0m] Mounted POSIX Message Queue File System.
[[0;32m  OK  [0m] Mounted Huge Pages File System.
[[0;32m  OK  [0m] Mounted Kernel Debug File System.
[   17.549382] Loading iSCSI transport class v2.0-870.
[   17.580783] EXT4-fs (sda1): re-mounted. Opts: (null)
[[0;32m  OK  [0m] Started Remount Root and Kernel File Systems.
         Starting Load/Save Random Seed...
         Starting Flush Journal to Persistent Storage...
[   17.767722] iscsi: registered transport (tcp)
[   17.936031] systemd-journald[393]: Received request to flush runtime journal from PID 1
[[0;32m  OK  [0m] Started udev Coldplug all Devices.
[[0;32m  OK  [0m] Started Set the console keyboard layout.
[[0;32m  OK  [0m] Started Load/Save Random Seed.
[[0;32m  OK  [0m] Started LVM2 metadata daemon.
[[0;32m  OK  [0m] Started Create Static Device Nodes in /dev.
         Starting udev Kernel Device Manager...
[   18.269164] iscsi: registered transport (iser)
[[0;32m  OK  [0m] Started Load Kernel Modules.
         Mounting Kernel Configuration File System...
         Starting Apply Kernel Variables...
         Mounting FUSE Control File System...
[[0;32m  OK  [0m] Mounted Kernel Configuration File System.
[[0;32m  OK  [0m] Mounted FUSE Control File System.
[[0;32m  OK  [0m] Started Flush Journal to Persistent Storage.
[[0;32m  OK  [0m] Started udev Kernel Device Manager.
[[0;32m  OK  [0m] Started Dispatch Password Requests to Console Directory Watch.
[[0;32m  OK  [0m] Reached target Local Encrypted Volumes.
[[0;32m  OK  [0m] Started Apply Kernel Variables.
[[0;32m  OK  [0m] Started Monitoring of LVM2 mirrors,…sing dmeventd or progress polling.
[[0;32m  OK  [0m] Reached target Local File Systems (Pre).
[[0;32m  OK  [0m] Reached target Local File Systems.
         Starting ebtables ruleset management...
         Starting Tell Plymouth To Write Out Runtime Data...
         Starting AppArmor initialization...
         Starting Commit a transient machine-id on disk...
         Starting Set console font and keymap...
         Starting Create Volatile Files and Directories...
[[0;32m  OK  [0m] Started Set console font and keymap.
[[0;32m  OK  [0m] Started Tell Plymouth To Write Out Runtime Data.
[[0;32m  OK  [0m] Started Create Volatile Files and Directories.
         Starting Update UTMP about System Boot/Shutdown...
[[0;32m  OK  [0m] Started Commit a transient machine-id on disk.
[[0;32m  OK  [0m] Started Update UTMP about System Boot/Shutdown.
[[0;32m  OK  [0m] Found device /dev/ttyS0.
[[0;32m  OK  [0m] Started ebtables ruleset management.
[[0;32m  OK  [0m] Listening on Load/Save RF Kill Switch Status /dev/rfkill Watch.
[[0;32m  OK  [0m] Started AppArmor initialization.
         Starting Load AppArmor profiles managed internally by snapd...
         Starting Initial cloud-init job (pre-networking)...
[[0;32m  OK  [0m] Started Load AppArmor profiles managed internally by snapd.
[   30.637768] cloud-init[551]: Cloud-init v. 20.2-45-g5f7825e2-0ubuntu1~18.04.1 running 'init-local' at Sat, 05 Sep 2020 22:49:29 +0000. Up 29.61 seconds.
[[0;32m  OK  [0m] Started Initial cloud-init job (pre-networking).
[[0;32m  OK  [0m] Reached target Network (Pre).
         Starting Network Service...
[[0;32m  OK  [0m] Started Network Service.
         Starting Network Name Resolution...
         Starting Wait for Network to be Configured...
[[0;32m  OK  [0m] Started Network Name Resolution.
[[0;32m  OK  [0m] Reached target Network.
[[0;32m  OK  [0m] Reached target Host and Network Name Lookups.
[[0;32m  OK  [0m] Started Wait for Network to be Configured.
         Starting Initial cloud-init job (metadata service crawler)...
[   33.419228] cloud-init[704]: Cloud-init v. 20.2-45-g5f7825e2-0ubuntu1~18.04.1 running 'init' at Sat, 05 Sep 2020 22:49:33 +0000. Up 33.12 seconds.
[   33.420763] cloud-init[704]: ci-info: ++++++++++++++++++++++++++++++++++++++Net device info+++++++++++++++++++++++++++++++++++++++
[   33.421815] cloud-init[704]: ci-info: +--------+-------+----------------------------+---------------+--------+-------------------+
[   33.423001] cloud-init[704]: ci-info: | Device |   Up  |          Address           |      Mask     | Scope  |     Hw-Address    |
[   33.424857] cloud-init[704]: ci-info: +--------+-------+----------------------------+---------------+--------+-------------------+
[   33.426162] cloud-init[704]: ci-info: | enp0s3 |  True |         10.0.2.15          | 255.255.255.0 | global | 02:95:95:10:ca:f7 |
[   33.427597] cloud-init[704]: ci-info: | enp0s3 |  True | fe80::95:95ff:fe10:caf7/64 |       .       |  link  | 02:95:95:10:ca:f7 |
[   33.431432] cloud-init[704]: ci-info: | enp0s8 | False |             .              |       .       |   .    | 08:00:27:55:58:17 |
[   33.433908] cloud-init[704]: ci-info: |   lo   |  True |         127.0.0.1          |   255.0.0.0   |  host  |         .         |
[   33.435417] cloud-init[704]: ci-info: |   lo   |  True |          ::1/128           |       .       |  host  |         .         |
[   33.450060] cloud-init[704]: ci-info: +--------+-------+----------------------------+---------------+--------+-------------------+
[   33.460598] cloud-init[704]: ci-info: ++++++++++++++++++++++++++++Route IPv4 info+++++++++++++++++++++++++++++
[   33.472311] cloud-init[704]: ci-info: +-------+-------------+----------+-----------------+-----------+-------+
[   33.484244] cloud-init[704]: ci-info: | Route | Destination | Gateway  |     Genmask     | Interface | Flags |
[   33.487005] cloud-init[704]: ci-info: +-------+-------------+----------+-----------------+-----------+-------+
[   33.488700] cloud-init[704]: ci-info: |   0   |   0.0.0.0   | 10.0.2.2 |     0.0.0.0     |   enp0s3  |   UG  |
[   33.490532] cloud-init[704]: ci-info: |   1   |   10.0.2.0  | 0.0.0.0  |  255.255.255.0  |   enp0s3  |   U   |
[   33.500391] cloud-init[704]: ci-info: |   2   |   10.0.2.2  | 0.0.0.0  | 255.255.255.255 |   enp0s3  |   UH  |
[   33.509039] cloud-init[704]: ci-info: +-------+-------------+----------+-----------------+-----------+-------+
[   33.510584] cloud-init[704]: ci-info: +++++++++++++++++++Route IPv6 info+++++++++++++++++++
[   33.520958] cloud-init[704]: ci-info: +-------+-------------+---------+-----------+-------+
[   33.532853] cloud-init[704]: ci-info: | Route | Destination | Gateway | Interface | Flags |
[   33.533839] cloud-init[704]: ci-info: +-------+-------------+---------+-----------+-------+
[   33.535048] cloud-init[704]: ci-info: |   1   |  fe80::/64  |    ::   |   enp0s3  |   U   |
[   33.536067] cloud-init[704]: ci-info: |   3   |    local    |    ::   |   enp0s3  |   U   |
[   33.548360] cloud-init[704]: ci-info: |   4   |   ff00::/8  |    ::   |   enp0s3  |   U   |
[   33.549941] cloud-init[704]: ci-info: +-------+-------------+---------+-----------+-------+
[   36.088204] cloud-init[704]: Generating public/private rsa key pair.
[   36.089033] cloud-init[704]: Your identification has been saved in /etc/ssh/ssh_host_rsa_key.
[   36.090267] cloud-init[704]: Your public key has been saved in /etc/ssh/ssh_host_rsa_key.pub.
[   36.091089] cloud-init[704]: The key fingerprint is:
[   36.091655] cloud-init[704]: SHA256:jh5/as4TcIgmVLa6GU42DQ0ITun+7lgv40WpmY0V86U root@ubuntu-bionic
[   36.092507] cloud-init[704]: The key's randomart image is:
[   36.093076] cloud-init[704]: +---[RSA 2048]----+
[   36.093601] cloud-init[704]: |ooo.o            |
[   36.094209] cloud-init[704]: |+..+ .           |
[   36.094754] cloud-init[704]: |.o. o+ . .       |
[   36.096367] cloud-init[704]: | ..+o B +        |
[   36.099940] cloud-init[704]: |. *o.+ ES        |
[   36.101121] cloud-init[704]: | = =O  o.        |
[   36.103017] cloud-init[704]: |  =* oo ..       |
[   36.107638] cloud-init[704]: |  o+o. +o .      |
[   36.108603] cloud-init[704]: | .++o..o=+       |
[   36.109558] cloud-init[704]: +----[SHA256]-----+
[   36.110572] cloud-init[704]: Generating public/private dsa key pair.
[   36.111710] cloud-init[704]: Your identification has been saved in /etc/ssh/ssh_host_dsa_key.
[   36.117218] cloud-init[704]: Your public key has been saved in /etc/ssh/ssh_host_dsa_key.pub.
[   36.122552] cloud-init[704]: The key fingerprint is:
[   36.124364] cloud-init[704]: SHA256:8x6oUetFCNe04Zp6fo+085iFFv4jDUFlE3GMJ7jj79Y root@ubuntu-bionic
[   36.125725] cloud-init[704]: The key's randomart image is:
[   36.140699] cloud-init[704]: +---[DSA 1024]----+
[   36.141564] cloud-init[704]: |          oo*=.  |
[   36.142441] cloud-init[704]: |         +o+ooo  |
[   36.143197] cloud-init[704]: |      . ..+. o   |
[   36.144121] cloud-init[704]: |       o ++      |
[   36.144963] cloud-init[704]: |        S.oo     |
[   36.156453] cloud-init[704]: |       o Boo     |
[   36.158959] cloud-init[704]: |      o + O+..   |
[   36.159901] cloud-init[704]: |       * =+O= E  |
[   36.164744] cloud-init[704]: |      . o.*B=.   |
[   36.169592] cloud-init[704]: +----[SHA256]-----+
[   36.170472] cloud-init[704]: Generating public/private ecdsa key pair.
[   36.171734] cloud-init[704]: Your identification has been saved in /etc/ssh/ssh_host_ecdsa_key.
[   36.173211] cloud-init[704]: Your public key has been saved in /etc/ssh/ssh_host_ecdsa_key.pub.
[   36.174794] cloud-init[704]: The key fingerprint is:
[   36.175856] cloud-init[704]: SHA256:H6UoZCDFTj9KOQ/X6yVQhNdo64od0C+3gYsmZXEge3k root@ubuntu-bionic
[   36.177597] cloud-init[704]: The key's randomart image is:[[0;32m  OK  [0m] Started Initial cloud-init job (metadata service crawler).
[[0;32m  OK  [0m] Reached target System Initialization.

[   36.184102] cloud-init[704]: +---[ECDSA 256]---+
[   36.184847] cloud-init[704]: |  .oo  o.o       |
[   36.185559] cloud-init[704]: |  ..+.. = .      |
[   36.186557] cloud-init[704]: |   = *o= .  .    |
[   36.187636] cloud-init[704]: |  . @oE o. o     |
[   36.188421] cloud-init[704]: |   o @.*S.o      |
[   36.189088] cloud-init[704]: |    + =.B...     |
[   36.189974] cloud-init[704]: |   o + B =.      |
[   36.190618] cloud-init[704]: |  . + + o        |
[   36.191257] cloud-init[704]: |   o             |
[   36.191874] cloud-init[704]: +----[SHA256]-----+
[   36.192432] cloud-init[704]: Generating public/private ed25519 key pair.
[   36.193268] cloud-init[704]: Your identification has been saved in /etc/ssh/ssh_host_ed25519_key.
[   36.194301] cloud-init[704]: Your public key has been saved in /etc/ssh/ssh_host_ed25519_key.pub.
[   36.199119]          Starting LXD - unix socket.
         Starting Socket activation for snappy daemon.
[[0;32m  OK  [0m] Started Daily apt download activities.
[[0;32m  OK  [0m] Started Daily apt upgrade and clean activities.
[[0;32m  OK  [0m] Listening on ACPID Listen Socket.
[[0;32m  OK  [0m] Started Discard unused blocks once a week.
cloud-init[704]: The key fingerprint is:
[   36.207581] cloud-init[704]: SHA256:L5I5NeJrH66YD53nwUFIrCTyNrkldI48OUNV7itvpgM root@ubuntu-bionic
[   36.210080] cloud-init[704]: The key's randomart image is:
[   36.211115] cloud-init[704]: +--[ED25519 256]--+
[   36.217373] cloud-init[[0;32m  OK  [0m] Started ACPI Events Check.[704]: |   ..oo          |
[   36.223353] cloud-init[704]: |. + oo..         |
[   36.225961] cloud-init[704]: | * O .o .        |
[   36.227105] cloud-init[704]: |  & +. .         |

[   36.228289] cloud-init[704]: | . O  o S        |
[[   36.234012] cloud-init[704]: |  E  o O +       |
[   36.234181] cloud-init[704]: |   .o X * .      |
[   36.234760] cloud-init[704]: |    .*+B +       |
[   36.235539] cloud-init[704]: |    +B=o+        |
[   36.236120] cloud-init[704]: +----[SHA256]-----+
[0;32m  OK  [0m] Reached target Paths.
[[0;32m  OK  [0m] Listening on D-Bus System Message Bus Socket.
[[0;32m  OK  [0m] Listening on UUID daemon activation socket.
[[0;32m  OK  [0m] Started Daily Cleanup of Temporary Directories.
[[0;32m  OK  [0m] Started Message of the Day.
[[0;32m  OK  [0m] Reached target Timers.
[[0;32m  OK  [0m] Listening on Open-iSCSI iscsid Socket.
[[0;32m  OK  [0m] Reached target Cloud-config availability.
[[0;32m  OK  [0m] Reached target Network is Online.
         Starting Availability of block devices...
[[0;32m  OK  [0m] Reached target Remote File Systems (Pre).
[[0;32m  OK  [0m] Reached target Remote File Systems.
[[0;32m  OK  [0m] Listening on LXD - unix socket.
[[0;32m  OK  [0m] Listening on Socket activation for snappy daemon.
[[0;32m  OK  [0m] Reached target Sockets.
[[0;32m  OK  [0m] Reached target Basic System.
[[0;32m  OK  [0m] Started FUSE filesystem for LXC.
         Starting LSB: Record successful boot for GRUB...
         Starting Accounts Service...
[[0;32m  OK  [0m] Started Deferred execution scheduler.
         Starting Dispatcher daemon for systemd-networkd...
         Starting Pollinate to seed the pseudo random number generator...
         Starting LSB: automatic crash report generation...
[[0;32m  OK  [0m] Started D-Bus System Message Bus.
         Starting Permit User Sessions...
         Starting Snap Daemon...
[[0;32m  OK  [0m] Started irqbalance daemon.
         Starting Virtualbox guest utils...
         Starting Login Service...
         Starting System Logging Service...
[[0;32m  OK  [0m] Started Regular background program processing daemon.
         Starting LXD - container startup/shutdown...
[[0;32m  OK  [0m] Started Availability of block devices.
[[0;32m  OK  [0m] Started Permit User Sessions.
[[0;32m  OK  [0m] Started Login Service.
[[0;32m  OK  [0m] Started Unattended Upgrades Shutdown.
         Starting Authorization Manager...
         Starting Terminate Plymouth Boot Screen...
         Starting Hold until boot process finishes up...
[[0;32m  OK  [0m] Started Terminate Plymouth Boot Screen.
[[0;32m  OK  [0m] Started Hold until boot process finishes up.
         Starting Set console scheme...
[[0;32m  OK  [0m] Started Serial Getty on ttyS0.
[[0;32m  OK  [0m] Started LSB: automatic crash report generation.
[[0;32m  OK  [0m] Started Set console scheme.
[[0;32m  OK  [0m] Created slice system-getty.slice.
[[0;32m  OK  [0m] Started Getty on tty1.
[[0;32m  OK  [0m] Reached target Login Prompts.
[[0;32m  OK  [0m] Started LSB: Record successful boot for GRUB.
[[0;32m  OK  [0m] Started System Logging Service.
[[0;32m  OK  [0m] Started Authorization Manager.
[[0;32m  OK  [0m] Started Accounts Service.
[[0;32m  OK  [0m] Started Virtualbox guest utils.
[[0;32m  OK  [0m] Started Dispatcher daemon for systemd-networkd.

Ubuntu 18.04.5 LTS ubuntu-bionic ttyS0

ubuntu-bionic login: [   55.478077] cloud-init[1495]: Cloud-init v. 20.2-45-g5f7825e2-0ubuntu1~18.04.1 running 'modules:config' at Sat, 05 Sep 2020 22:49:52 +0000. Up 52.42 seconds.
ci-info: no authorized SSH keys fingerprints found for user ubuntu.
<14>Sep  5 22:49:56 ec2: 
<14>Sep  5 22:49:56 ec2: #############################################################
<14>Sep  5 22:49:56 ec2: -----BEGIN SSH HOST KEY FINGERPRINTS-----
<14>Sep  5 22:49:56 ec2: 1024 SHA256:8x6oUetFCNe04Zp6fo+085iFFv4jDUFlE3GMJ7jj79Y root@ubuntu-bionic (DSA)
<14>Sep  5 22:49:56 ec2: 256 SHA256:H6UoZCDFTj9KOQ/X6yVQhNdo64od0C+3gYsmZXEge3k root@ubuntu-bionic (ECDSA)
<14>Sep  5 22:49:56 ec2: 256 SHA256:L5I5NeJrH66YD53nwUFIrCTyNrkldI48OUNV7itvpgM root@ubuntu-bionic (ED25519)
<14>Sep  5 22:49:56 ec2: 2048 SHA256:jh5/as4TcIgmVLa6GU42DQ0ITun+7lgv40WpmY0V86U root@ubuntu-bionic (RSA)
<14>Sep  5 22:49:56 ec2: -----END SSH HOST KEY FINGERPRINTS-----
<14>Sep  5 22:49:56 ec2: #############################################################
-----BEGIN SSH HOST KEY KEYS-----
ecdsa-sha2-nistp256 AAAAE2VjZHNhLXNoYTItbmlzdHAyNTYAAAAIbmlzdHAyNTYAAABBBDuETZ0TUNfpGQOWLmZHuShX2VcTAnYXWrRUkn/Kj+WrfipiqBkWa+dTkqI/GRQC6j93NtU8aWXlSsfJ7m4jMzI= root@ubuntu-bionic
ssh-ed25519 AAAAC3NzaC1lZDI1NTE5AAAAIH5Zaeur1LZsvYkUSGjWzKpvU1wh1IhoD7I5hEhq32QO root@ubuntu-bionic
ssh-rsa AAAAB3NzaC1yc2EAAAADAQABAAABAQCyY71fuMtCWAYp2b9q/D/C7KwYwQ+l4QObXj08LjPZPO0V7+Qm5/TO1djxUgmm2NzaEFnjgrocdRYr5CQnBbYNXiylAPuoNLj3Vt4+X53HtEiWjUUekOCmvuxkUKfpKcYlaxpoTmbp1WS6U3VsdZvFKsHUF2mXxC0S2SfZGSypu0j2mWKjkahMAIZxSEj0e0a1/2oqH15tG63DedPzFd0xvmbM58PIW3o23W1RtOMz4IPBN1ncbMDjOLzTArIVQG5YJ1UEGcX+TPE1eEZix9b+zPTeHoSWVtjin7EwW8XAquQ23M3HVrkNQyWWQM2iTx+Aen0nHTbqh8SQWFadIQ1P root@ubuntu-bionic
-----END SSH HOST KEY KEYS-----
[   56.749764] cloud-init[1730]: Cloud-init v. 20.2-45-g5f7825e2-0ubuntu1~18.04.1 running 'modules:final' at Sat, 05 Sep 2020 22:49:56 +0000. Up 56.11 seconds.
[   56.751734] cloud-init[1730]: ci-info: no authorized SSH keys fingerprints found for user ubuntu.
[   56.754250] cloud-init[1730]: Cloud-init v. 20.2-45-g5f7825e2-0ubuntu1~18.04.1 finished at Sat, 05 Sep 2020 22:49:56 +0000. Datasource DataSourceNoCloud [seed=/dev/sdb][dsmode=net].  Up 56.73 seconds
[[0;32m  OK  [0m] Stopped Unattended Upgrades Shutdown.
         Stopping Authorization Manager...
[[0;32m  OK  [0m] Stopped target Host and Network Name Lookups.
[[0;32m  OK  [0m] Closed Load/Save RF Kill Switch Status /dev/rfkill Watch.
         Stopping Session 7 of user vagrant.
         Stopping Availability of block devices...
[[0;32m  OK  [0m] Stopped target Timers.
[[0;32m  OK  [0m] Stopped Message of the Day.
[[0;32m  OK  [0m] Stopped Daily apt upgrade and clean activities.
[[0;32m  OK  [0m] Stopped Daily apt download activities.
[[0;32m  OK  [0m] Stopped Discard unused blocks once a week.
[[0;32m  OK  [0m] Stopped target System Time Synchronized.
[[0;32m  OK  [0m] Stopped Daily Cleanup of Temporary Directories.
[[0;32m  OK  [0m] Stopped target Cloud-init target.
[[0;32m  OK  [0m] Stopped Execute cloud user/final scripts.
[[0;32m  OK  [0m] Stopped Apply the settings specified in cloud-config.
[[0;32m  OK  [0m] Stopped target Cloud-config availability.
         Stopping User Manager for UID 1000...
[[0;32m  OK  [0m] Stopped target Graphical Interface.
[[0;32m  OK  [0m] Stopped target Multi-User System.
         Stopping Deferred execution scheduler...
         Stopping Regular background program processing daemon...
         Stopping Virtualbox guest utils...
         Stopping Docker Application Container Engine...
         Stopping OpenBSD Secure Shell server...
         Stopping LXD - container startup/shutdown...
         Stopping LSB: automatic crash report generation...
         Stopping Dispatcher daemon for systemd-networkd...
         Stopping FUSE filesystem for LXC...
         Stopping System Logging Service...
         Stopping irqbalance daemon...
[[0;32m  OK  [0m] Stopped Wait until snapd is fully seeded.
         Stopping LSB: Record successful boot for GRUB...
         Stopping Accounts Service...
         Stopping D-Bus System Message Bus...
[[0;32m  OK  [0m] Stopped target Login Prompts.
         Stopping Getty on tty1...
         Stopping Serial Getty on ttyS0...
[[0;32m  OK  [0m] Unmounted /var/lib/lxcfs.
[[0;32m  OK  [0m] Stopped Deferred execution scheduler.
[[0;32m  OK  [0m] Stopped Dispatcher daemon for systemd-networkd.
[[0;32m  OK  [0m] Stopped irqbalance daemon.
[[0;32m  OK  [0m] Stopped Accounts Service.
[[0;32m  OK  [0m] Stopped Regular background program processing daemon.
[[0;32m  OK  [0m] Stopped Authorization Manager.
[[0;32m  OK  [0m] Stopped Serial Getty on ttyS0.
[[0;32m  OK  [0m] Stopped Getty on tty1.
[[0;32m  OK  [0m] Stopped System Logging Service.
[[0;32m  OK  [0m] Stopped OpenBSD Secure Shell server.
[[0;32m  OK  [0m] Stopped Docker Application Container Engine.
[[0;32m  OK  [0m] Stopped User Manager for UID 1000.
[[0;32m  OK  [0m] Stopped D-Bus System Message Bus.
[[0;32m  OK  [0m] Stopped Session 7 of user vagrant.
[[0;32m  OK  [0m] Removed slice User Slice of vagrant.
         Stopping Login Service...
         Stopping containerd container runtime...
[[0;32m  OK  [0m] Stopped target Network is Online.
[[0;32m  OK  [0m] Removed slice system-getty.slice.
[[0;32m  OK  [0m] Removed slice system-serial\x2dgetty.slice.
         Stopping Permit User Sessions...
[[0;32m  OK  [0m] Stopped containerd container runtime.
[[0;32m  OK  [0m] Stopped LXD - container startup/shutdown.
[[0;32m  OK  [0m] Stopped Login Service.
[[0;32m  OK  [0m] Stopped FUSE filesystem for LXC.
[[0;32m  OK  [0m] Stopped Availability of block devices.
[[0;32m  OK  [0m] Stopped Permit User Sessions.
[[0;32m  OK  [0m] Stopped target User and Group Name Lookups.
[[0;32m  OK  [0m] Stopped target Network.
         Stopping Network Name Resolution...
[[0;32m  OK  [0m] Stopped Network Name Resolution.
         Stopping Network Service...
[[0;32m  OK  [0m] Stopped Network Service.
[[0;32m  OK  [0m] Stopped target Network (Pre).
[[0;32m  OK  [0m] Stopped LSB: Record successful boot for GRUB.
[[0;32m  OK  [0m] Stopped Virtualbox guest utils.
[[0;32m  OK  [0m] Stopped LSB: automatic crash report generation.
[[0;32m  OK  [0m] Stopped target Remote File Systems.
[[0;32m  OK  [0m] Stopped target Remote File Systems (Pre).
[[0;32m  OK  [0m] Stopped target Basic System.
[[0;32m  OK  [0m] Stopped target Paths.
[[0;32m  OK  [0m] Stopped ACPI Events Check.
[[0;32m  OK  [0m] Stopped target Sockets.
[[0;32m  OK  [0m] Closed Socket activation for snappy daemon.
[[0;32m  OK  [0m] Closed UUID daemon activation socket.
[[0;32m  OK  [0m] Closed LXD - unix socket.
[[0;32m  OK  [0m] Closed Syslog Socket.
[[0;32m  OK  [0m] Closed Docker Socket for the API.
[[0;32m  OK  [0m] Closed ACPID Listen Socket.
[[0;32m  OK  [0m] Closed Open-iSCSI iscsid Socket.
[[0;32m  OK  [0m] Closed D-Bus System Message Bus Socket.
[[0;32m  OK  [0m] Stopped target Slices.
[[0;32m  OK  [0m] Removed slice User and Session Slice.
[[0;32m  OK  [0m] Stopped target System Initialization.
[[0;32m  OK  [0m] Stopped Apply Kernel Variables.
[[0;32m  OK  [0m] Stopped Load Kernel Modules.
[[0;32m  OK  [0m] Stopped Initial cloud-init job (metadata service crawler).
         Stopping Load/Save Random Seed...
[[0;32m  OK  [0m] Stopped target Local Encrypted Volumes.
[[0;32m  OK  [0m] Stopped Dispatch Password Requests to Console Directory Watch.
[[0;32m  OK  [0m] Stopped Forward Password Requests to Wall Directory Watch.
[[0;32m  OK  [0m] Stopped Initial cloud-init job (pre-networking).
         Stopping Update UTMP about System Boot/Shutdown...
[[0;32m  OK  [0m] Stopped Commit a transient machine-id on disk.
[[0;32m  OK  [0m] Stopped Load/Save Random Seed.
[[0;32m  OK  [0m] Stopped Update UTMP about System Boot/Shutdown.
[[0;32m  OK  [0m] Stopped Create Volatile Files and Directories.
[[0;32m  OK  [0m] Stopped target Local File Systems.
         Unmounting /run/user/1000...
         Unmounting /vagrant...
[[0;32m  OK  [0m] Unmounted /run/user/1000.
[[0;32m  OK  [0m] Unmounted /vagrant.
[[0;32m  OK  [0m] Reached target Unmount All Filesystems.
[[0;32m  OK  [0m] Stopped target Swap.
[[0;32m  OK  [0m] Stopped target Local File Systems (Pre).
[[0;32m  OK  [0m] Stopped Create Static Device Nodes in /dev.
         Stopping Monitoring of LVM2 mirrors…ng dmeventd or progress polling...
[[0;32m  OK  [0m] Stopped Remount Root and Kernel File Systems.
[[0;32m  OK  [0m] Reached target Shutdown.
[[0;32m  OK  [0m] Reached target Final Step.
         Starting Power-Off...
[ 2343.369688] reboot: Power down
